<?xml version="1.0" encoding="UTF-8"?>
<testng-results skipped="0" failed="0" ignored="0" total="1" passed="1">
  <reporter-output>
  </reporter-output>
  <suite name="Default suite" duration-ms="16207" started-at="2019-09-21T19:45:18Z" finished-at="2019-09-21T19:45:34Z">
    <groups>
    </groups>
    <test name="Default test" duration-ms="16207" started-at="2019-09-21T19:45:18Z" finished-at="2019-09-21T19:45:34Z">
      <class name="test.Techfios_Test">
        <test-method status="PASS" signature="launchBrowser()[pri:0, instance:test.Techfios_Test@8bd1b6a]" name="launchBrowser" is-config="true" duration-ms="9757" started-at="2019-09-21T19:45:18Z" finished-at="2019-09-21T19:45:27Z">
          <reporter-output>
          </reporter-output>
        </test-method> <!-- launchBrowser -->
        <test-method status="PASS" signature="validUserShouldAbleToAddaCategory()[pri:0, instance:test.Techfios_Test@8bd1b6a]" name="validUserShouldAbleToAddaCategory" duration-ms="5706" started-at="2019-09-21T19:45:27Z" finished-at="2019-09-21T19:45:33Z">
          <reporter-output>
          </reporter-output>
        </test-method> <!-- validUserShouldAbleToAddaCategory -->
        <test-method status="PASS" signature="closeAndquit()[pri:0, instance:test.Techfios_Test@8bd1b6a]" name="closeAndquit" is-config="true" duration-ms="720" started-at="2019-09-21T19:45:33Z" finished-at="2019-09-21T19:45:34Z">
          <reporter-output>
          </reporter-output>
        </test-method> <!-- closeAndquit -->
      </class> <!-- test.Techfios_Test -->
    </test> <!-- Default test -->
  </suite> <!-- Default suite -->
</testng-results>
